c:\users\yuehan lian\desktop\实验5\mfcapplication1\debug\mfcapplication1.pch
c:\users\yuehan lian\desktop\实验5\mfcapplication1\debug\vc142.pdb
c:\users\yuehan lian\desktop\实验5\mfcapplication1\debug\vc142.idb
c:\users\yuehan lian\desktop\实验5\mfcapplication1\debug\stdafx.obj
c:\users\yuehan lian\desktop\实验5\mfcapplication1\debug\dlgvtrans.obj
c:\users\yuehan lian\desktop\实验5\mfcapplication1\debug\dlgthreshold.obj
c:\users\yuehan lian\desktop\实验5\mfcapplication1\debug\dlgsmooth.obj
c:\users\yuehan lian\desktop\实验5\mfcapplication1\debug\dlgmidfilter.obj
c:\users\yuehan lian\desktop\实验5\mfcapplication1\debug\dlgltrans.obj
c:\users\yuehan lian\desktop\实验5\mfcapplication1\debug\dlglogtranse.obj
c:\users\yuehan lian\desktop\实验5\mfcapplication1\debug\dlglinerpara.obj
c:\users\yuehan lian\desktop\实验5\mfcapplication1\debug\dlginverse_v.obj
c:\users\yuehan lian\desktop\实验5\mfcapplication1\debug\dlginverse_l.obj
c:\users\yuehan lian\desktop\实验5\mfcapplication1\debug\dlgintensity.obj
c:\users\yuehan lian\desktop\实验5\mfcapplication1\debug\dlgimginfo.obj
c:\users\yuehan lian\desktop\实验5\mfcapplication1\debug\dlghistogram.obj
c:\users\yuehan lian\desktop\实验5\mfcapplication1\debug\dlggetstructelem.obj
c:\users\yuehan lian\desktop\实验5\mfcapplication1\debug\dlggammatrans.obj
c:\users\yuehan lian\desktop\实验5\mfcapplication1\debug\dlgfiltersize.obj
c:\users\yuehan lian\desktop\实验5\mfcapplication1\debug\dlgaddnoise.obj
c:\users\yuehan lian\desktop\实验5\mfcapplication1\debug\dib.obj
c:\users\yuehan lian\desktop\实验5\mfcapplication1\debug\changelignt.obj
c:\users\yuehan lian\desktop\实验5\mfcapplication1\debug\bmpsmooth.obj
c:\users\yuehan lian\desktop\实验5\mfcapplication1\debug\bitplane.obj
c:\users\yuehan lian\desktop\实验5\mfcapplication1\debug\pointtrans.obj
c:\users\yuehan lian\desktop\实验5\mfcapplication1\debug\morphologic.obj
c:\users\yuehan lian\desktop\实验5\mfcapplication1\debug\mfcapplication1view.obj
c:\users\yuehan lian\desktop\实验5\mfcapplication1\debug\mfcapplication1doc.obj
c:\users\yuehan lian\desktop\实验5\mfcapplication1\debug\mfcapplication1.obj
c:\users\yuehan lian\desktop\实验5\mfcapplication1\debug\mainfrm.obj
c:\users\yuehan lian\desktop\实验5\mfcapplication1\debug\inverse.obj
c:\users\yuehan lian\desktop\实验5\mfcapplication1\debug\histrange.obj
c:\users\yuehan lian\desktop\实验5\mfcapplication1\debug\drawhist.obj
c:\users\yuehan lian\desktop\实验5\debug\mfcapplication1.exe
c:\users\yuehan lian\desktop\实验5\debug\mfcapplication1.ilk
c:\users\yuehan lian\desktop\实验5\debug\mfcapplication1.pdb
c:\users\yuehan lian\desktop\实验5\mfcapplication1\debug\mfcapplication1.res
c:\users\yuehan lian\desktop\实验5\mfcapplication1\debug\dlgthresholdtrans.obj
c:\users\yuehan lian\desktop\实验5\mfcapplication1\debug\dlgsmooth.obj.enc
c:\users\yuehan lian\desktop\实验5\mfcapplication1\debug\vc140.idb
c:\users\yuehan lian\desktop\实验5\mfcapplication1\debug\vc140.pdb
c:\users\yuehan lian\desktop\实验5\mfcapplication1\debug\mfcapplication1.tlog\cl.command.1.tlog
c:\users\yuehan lian\desktop\实验5\mfcapplication1\debug\mfcapplication1.tlog\cl.read.1.tlog
c:\users\yuehan lian\desktop\实验5\mfcapplication1\debug\mfcapplication1.tlog\cl.write.1.tlog
c:\users\yuehan lian\desktop\实验5\mfcapplication1\debug\mfcapplication1.tlog\link.command.1.tlog
c:\users\yuehan lian\desktop\实验5\mfcapplication1\debug\mfcapplication1.tlog\link.delete.1.tlog
c:\users\yuehan lian\desktop\实验5\mfcapplication1\debug\mfcapplication1.tlog\link.read.1.tlog
c:\users\yuehan lian\desktop\实验5\mfcapplication1\debug\mfcapplication1.tlog\link.write.1.tlog
c:\users\yuehan lian\desktop\实验5\mfcapplication1\debug\mfcapplication1.tlog\rc.command.1.tlog
c:\users\yuehan lian\desktop\实验5\mfcapplication1\debug\mfcapplication1.tlog\rc.read.1.tlog
c:\users\yuehan lian\desktop\实验5\mfcapplication1\debug\mfcapplication1.tlog\rc.write.1.tlog
