c:\users\yuehan lian\source\repos\shit\c++\debug\vc142.pdb
c:\users\yuehan lian\source\repos\shit\c++\debug\vc142.idb
c:\users\yuehan lian\source\repos\shit\c++\debug\lab2.obj
c:\users\yuehan lian\source\repos\shit\c++\debug\home.obj
c:\users\yuehan lian\source\repos\shit\c++\debug\cs.pdb
c:\users\yuehan lian\source\repos\shit\c++\debug\cs.tlog\cl.command.1.tlog
c:\users\yuehan lian\source\repos\shit\c++\debug\cs.tlog\cl.read.1.tlog
c:\users\yuehan lian\source\repos\shit\c++\debug\cs.tlog\cl.write.1.tlog
c:\users\yuehan lian\source\repos\shit\c++\debug\cs.tlog\link-cvtres.read.1.tlog
c:\users\yuehan lian\source\repos\shit\c++\debug\cs.tlog\link-cvtres.write.1.tlog
c:\users\yuehan lian\source\repos\shit\c++\debug\cs.tlog\link-rc.read.1.tlog
c:\users\yuehan lian\source\repos\shit\c++\debug\cs.tlog\link-rc.write.1.tlog
c:\users\yuehan lian\source\repos\shit\c++\debug\cs.tlog\link.3908-cvtres.read.1.tlog
c:\users\yuehan lian\source\repos\shit\c++\debug\cs.tlog\link.3908-cvtres.write.1.tlog
c:\users\yuehan lian\source\repos\shit\c++\debug\cs.tlog\link.3908-rc.read.1.tlog
c:\users\yuehan lian\source\repos\shit\c++\debug\cs.tlog\link.3908-rc.write.1.tlog
c:\users\yuehan lian\source\repos\shit\c++\debug\cs.tlog\link.3908.read.1.tlog
c:\users\yuehan lian\source\repos\shit\c++\debug\cs.tlog\link.3908.write.1.tlog
c:\users\yuehan lian\source\repos\shit\c++\debug\cs.tlog\link.command.1.tlog
c:\users\yuehan lian\source\repos\shit\c++\debug\cs.tlog\link.read.1.tlog
c:\users\yuehan lian\source\repos\shit\c++\debug\cs.tlog\link.write.1.tlog
